This file contains any messages produced by compilers while
running configure, to aid debugging if configure makes a mistake.

It was created by libcoap configure 4.3.0rc2, which was
generated by GNU Autoconf 2.69.  Invocation command line was

  $ ./configure 

## --------- ##
## Platform. ##
## --------- ##

hostname = zyscal-MS-7B33
uname -m = x86_64
uname -r = 5.4.0-72-generic
uname -s = Linux
uname -v = #80-Ubuntu SMP Mon Apr 12 17:35:00 UTC 2021

/usr/bin/uname -p = x86_64
/bin/uname -X     = unknown

/bin/arch              = x86_64
/usr/bin/arch -k       = unknown
/usr/convex/getsysinfo = unknown
/usr/bin/hostinfo      = unknown
/bin/machine           = unknown
/usr/bin/oslevel       = unknown
/bin/universe          = unknown

PATH: /home/zyscal/.local/bin
PATH: /home/zyscal/.local/bin
PATH: /home/zyscal/Documents/gradle/gradle-6.7.1-all/gradle-6.7.1/bin
PATH: /home/zyscal/Documents/gcc-arm-none-eabi-8-2019-q3-update-linux/gcc-arm-none-eabi-8-2019-q3-update/bin
PATH: /usr/local/sbin
PATH: /usr/local/bin
PATH: /usr/sbin
PATH: /usr/bin
PATH: /sbin
PATH: /bin
PATH: /usr/games
PATH: /usr/local/games
PATH: /snap/bin


## ----------- ##
## Core tests. ##
## ----------- ##

configure:2491: checking for a BSD-compatible install
configure:2559: result: /usr/bin/install -c
configure:2570: checking whether build environment is sane
configure:2625: result: yes
configure:2774: checking for a thread-safe mkdir -p
configure:2813: result: /usr/bin/mkdir -p
configure:2820: checking for gawk
configure:2850: result: no
configure:2820: checking for mawk
configure:2836: found /usr/bin/mawk
configure:2847: result: mawk
configure:2858: checking whether make sets $(MAKE)
configure:2880: result: yes
configure:2909: checking whether make supports nested variables
configure:2926: result: yes
configure:3097: checking for pkg-config
configure:3115: found /usr/bin/pkg-config
configure:3127: result: /usr/bin/pkg-config
configure:3152: checking pkg-config is at least version 0.20
configure:3155: result: yes
configure:3174: checking whether make supports nested variables
configure:3191: result: yes
configure:3203: checking whether to enable assertions
configure:3221: result: yes
configure:3279: checking for gcc
configure:3295: found /usr/bin/gcc
configure:3306: result: gcc
configure:3535: checking for C compiler version
configure:3544: gcc --version >&5
gcc (Ubuntu 9.3.0-17ubuntu1~20.04) 9.3.0
Copyright (C) 2019 Free Software Foundation, Inc.
This is free software; see the source for copying conditions.  There is NO
warranty; not even for MERCHANTABILITY or FITNESS FOR A PARTICULAR PURPOSE.

configure:3555: $? = 0
configure:3544: gcc -v >&5
Using built-in specs.
COLLECT_GCC=gcc
COLLECT_LTO_WRAPPER=/usr/lib/gcc/x86_64-linux-gnu/9/lto-wrapper
OFFLOAD_TARGET_NAMES=nvptx-none:hsa
OFFLOAD_TARGET_DEFAULT=1
Target: x86_64-linux-gnu
Configured with: ../src/configure -v --with-pkgversion='Ubuntu 9.3.0-17ubuntu1~20.04' --with-bugurl=file:///usr/share/doc/gcc-9/README.Bugs --enable-languages=c,ada,c++,go,brig,d,fortran,objc,obj-c++,gm2 --prefix=/usr --with-gcc-major-version-only --program-suffix=-9 --program-prefix=x86_64-linux-gnu- --enable-shared --enable-linker-build-id --libexecdir=/usr/lib --without-included-gettext --enable-threads=posix --libdir=/usr/lib --enable-nls --enable-clocale=gnu --enable-libstdcxx-debug --enable-libstdcxx-time=yes --with-default-libstdcxx-abi=new --enable-gnu-unique-object --disable-vtable-verify --enable-plugin --enable-default-pie --with-system-zlib --with-target-system-zlib=auto --enable-objc-gc=auto --enable-multiarch --disable-werror --with-arch-32=i686 --with-abi=m64 --with-multilib-list=m32,m64,mx32 --enable-multilib --with-tune=generic --enable-offload-targets=nvptx-none=/build/gcc-9-HskZEa/gcc-9-9.3.0/debian/tmp-nvptx/usr,hsa --without-cuda-driver --enable-checking=release --build=x86_64-linux-gnu --host=x86_64-linux-gnu --target=x86_64-linux-gnu
Thread model: posix
gcc version 9.3.0 (Ubuntu 9.3.0-17ubuntu1~20.04) 
configure:3555: $? = 0
configure:3544: gcc -V >&5
gcc: error: unrecognized command line option '-V'
gcc: fatal error: no input files
compilation terminated.
configure:3555: $? = 1
configure:3544: gcc -qversion >&5
gcc: error: unrecognized command line option '-qversion'; did you mean '--version'?
gcc: fatal error: no input files
compilation terminated.
configure:3555: $? = 1
configure:3575: checking whether the C compiler works
configure:3597: gcc    conftest.c  >&5
configure:3601: $? = 0
configure:3649: result: yes
configure:3652: checking for C compiler default output file name
configure:3654: result: a.out
configure:3660: checking for suffix of executables
configure:3667: gcc -o conftest    conftest.c  >&5
configure:3671: $? = 0
configure:3693: result: 
configure:3715: checking whether we are cross compiling
configure:3723: gcc -o conftest    conftest.c  >&5
configure:3727: $? = 0
configure:3734: ./conftest
configure:3738: $? = 0
configure:3726: result: no
configure:3731: checking for suffix of object files
configure:3753: gcc -c   conftest.c >&5
configure:3757: $? = 0
configure:3778: result: o
configure:3782: checking whether we are using the GNU C compiler
configure:3801: gcc -c   conftest.c >&5
configure:3801: $? = 0
configure:3810: result: yes
configure:3819: checking whether gcc accepts -g
configure:3839: gcc -c -g  conftest.c >&5
configure:3839: $? = 0
configure:3880: result: yes
configure:3897: checking for gcc option to accept ISO C89
configure:3960: gcc  -c -g -O2  conftest.c >&5
configure:3960: $? = 0
configure:3973: result: none needed
configure:3998: checking whether gcc understands -c and -o together
configure:4020: gcc -c conftest.c -o conftest2.o
configure:4023: $? = 0
configure:4020: gcc -c conftest.c -o conftest2.o
configure:4023: $? = 0
configure:4035: result: yes
configure:4055: checking whether make supports the include directive
configure:4070: make -f confmf.GNU && cat confinc.out
this is the am__doit target
configure:4073: $? = 0
configure:4092: result: yes (GNU style)
configure:4117: checking dependency style of gcc
configure:4228: result: gcc3
configure:4244: checking for a sed that does not truncate output
configure:4308: result: /usr/bin/sed
configure:4365: checking for ar
configure:4381: found /usr/bin/ar
configure:4392: result: ar
configure:4418: checking the archiver (ar) interface
configure:4434: gcc -c -g -O2  conftest.c >&5
configure:4434: $? = 0
configure:4436: ar cru libconftest.a conftest.o >&5
ar: `u' modifier ignored since `D' is the default (see `U')
configure:4439: $? = 0
configure:4438: result: ar
configure:4458: checking whether ln -s works
configure:4462: result: yes
configure:4476: checking how to run the C preprocessor
configure:4507: gcc -E  conftest.c
configure:4507: $? = 0
configure:4521: gcc -E  conftest.c
conftest.c:9:10: fatal error: ac_nonexistent.h: No such file or directory
    9 | #include <ac_nonexistent.h>
      |          ^~~~~~~~~~~~~~~~~~
compilation terminated.
configure:4521: $? = 1
configure: failed program was:
| /* confdefs.h */
| #define PACKAGE_NAME "libcoap"
| #define PACKAGE_TARNAME "libcoap"
| #define PACKAGE_VERSION "4.3.0rc2"
| #define PACKAGE_STRING "libcoap 4.3.0rc2"
| #define PACKAGE_BUGREPORT "libcoap-developers@lists.sourceforge.net"
| #define PACKAGE_URL "https://libcoap.net/"
| /* end confdefs.h.  */
| #include <ac_nonexistent.h>
configure:4546: result: gcc -E
configure:4566: gcc -E  conftest.c
configure:4566: $? = 0
configure:4580: gcc -E  conftest.c
conftest.c:9:10: fatal error: ac_nonexistent.h: No such file or directory
    9 | #include <ac_nonexistent.h>
      |          ^~~~~~~~~~~~~~~~~~
compilation terminated.
configure:4580: $? = 1
configure: failed program was:
| /* confdefs.h */
| #define PACKAGE_NAME "libcoap"
| #define PACKAGE_TARNAME "libcoap"
| #define PACKAGE_VERSION "4.3.0rc2"
| #define PACKAGE_STRING "libcoap 4.3.0rc2"
| #define PACKAGE_BUGREPORT "libcoap-developers@lists.sourceforge.net"
| #define PACKAGE_URL "https://libcoap.net/"
| /* end confdefs.h.  */
| #include <ac_nonexistent.h>
configure:4609: checking for grep that handles long lines and -e
configure:4667: result: /usr/bin/grep
configure:4672: checking for egrep
configure:4734: result: /usr/bin/grep -E
configure:4739: checking for ANSI C header files
configure:4759: gcc -c -g -O2  conftest.c >&5
configure:4759: $? = 0
configure:4832: gcc -o conftest -g -O2   conftest.c  >&5
configure:4832: $? = 0
configure:4832: ./conftest
configure:4832: $? = 0
configure:4843: result: yes
configure:4856: checking for sys/types.h
configure:4856: gcc -c -g -O2  conftest.c >&5
configure:4856: $? = 0
configure:4856: result: yes
configure:4856: checking for sys/stat.h
configure:4856: gcc -c -g -O2  conftest.c >&5
configure:4856: $? = 0
configure:4856: result: yes
configure:4856: checking for stdlib.h
configure:4856: gcc -c -g -O2  conftest.c >&5
configure:4856: $? = 0
configure:4856: result: yes
configure:4856: checking for string.h
configure:4856: gcc -c -g -O2  conftest.c >&5
configure:4856: $? = 0
configure:4856: result: yes
configure:4856: checking for memory.h
configure:4856: gcc -c -g -O2  conftest.c >&5
configure:4856: $? = 0
configure:4856: result: yes
configure:4856: checking for strings.h
configure:4856: gcc -c -g -O2  conftest.c >&5
configure:4856: $? = 0
configure:4856: result: yes
configure:4856: checking for inttypes.h
configure:4856: gcc -c -g -O2  conftest.c >&5
configure:4856: $? = 0
configure:4856: result: yes
configure:4856: checking for stdint.h
configure:4856: gcc -c -g -O2  conftest.c >&5
configure:4856: $? = 0
configure:4856: result: yes
configure:4856: checking for unistd.h
configure:4856: gcc -c -g -O2  conftest.c >&5
configure:4856: $? = 0
configure:4856: result: yes
configure:4868: checking whether byte ordering is bigendian
configure:4883: gcc -c -g -O2  conftest.c >&5
conftest.c:20:9: error: unknown type name 'not'
   20 |         not a universal capable compiler
      |         ^~~
conftest.c:20:15: error: expected '=', ',', ';', 'asm' or '__attribute__' before 'universal'
   20 |         not a universal capable compiler
      |               ^~~~~~~~~
conftest.c:20:15: error: unknown type name 'universal'
configure:4883: $? = 1
configure: failed program was:
| /* confdefs.h */
| #define PACKAGE_NAME "libcoap"
| #define PACKAGE_TARNAME "libcoap"
| #define PACKAGE_VERSION "4.3.0rc2"
| #define PACKAGE_STRING "libcoap 4.3.0rc2"
| #define PACKAGE_BUGREPORT "libcoap-developers@lists.sourceforge.net"
| #define PACKAGE_URL "https://libcoap.net/"
| #define STDC_HEADERS 1
| #define HAVE_SYS_TYPES_H 1
| #define HAVE_SYS_STAT_H 1
| #define HAVE_STDLIB_H 1
| #define HAVE_STRING_H 1
| #define HAVE_MEMORY_H 1
| #define HAVE_STRINGS_H 1
| #define HAVE_INTTYPES_H 1
| #define HAVE_STDINT_H 1
| #define HAVE_UNISTD_H 1
| /* end confdefs.h.  */
| #ifndef __APPLE_CC__
| 	       not a universal capable compiler
| 	     #endif
| 	     typedef int dummy;
| 
configure:4928: gcc -c -g -O2  conftest.c >&5
configure:4928: $? = 0
configure:4946: gcc -c -g -O2  conftest.c >&5
conftest.c: In function 'main':
conftest.c:26:4: error: unknown type name 'not'; did you mean 'ino_t'?
   26 |    not big endian
      |    ^~~
      |    ino_t
conftest.c:26:12: error: expected '=', ',', ';', 'asm' or '__attribute__' before 'endian'
   26 |    not big endian
      |            ^~~~~~
configure:4946: $? = 1
configure: failed program was:
| /* confdefs.h */
| #define PACKAGE_NAME "libcoap"
| #define PACKAGE_TARNAME "libcoap"
| #define PACKAGE_VERSION "4.3.0rc2"
| #define PACKAGE_STRING "libcoap 4.3.0rc2"
| #define PACKAGE_BUGREPORT "libcoap-developers@lists.sourceforge.net"
| #define PACKAGE_URL "https://libcoap.net/"
| #define STDC_HEADERS 1
| #define HAVE_SYS_TYPES_H 1
| #define HAVE_SYS_STAT_H 1
| #define HAVE_STDLIB_H 1
| #define HAVE_STRING_H 1
| #define HAVE_MEMORY_H 1
| #define HAVE_STRINGS_H 1
| #define HAVE_INTTYPES_H 1
| #define HAVE_STDINT_H 1
| #define HAVE_UNISTD_H 1
| /* end confdefs.h.  */
| #include <sys/types.h>
| 		#include <sys/param.h>
| 
| int
| main ()
| {
| #if BYTE_ORDER != BIG_ENDIAN
| 		 not big endian
| 		#endif
| 
|   ;
|   return 0;
| }
configure:5074: result: no
configure:5096: WARNING: Libtool does not cope well with whitespace in `pwd`
configure:5123: checking build system type
configure:5137: result: x86_64-pc-linux-gnu
configure:5157: checking host system type
configure:5170: result: x86_64-pc-linux-gnu
configure:5211: checking how to print strings
configure:5238: result: printf
configure:5259: checking for a sed that does not truncate output
configure:5323: result: /usr/bin/sed
configure:5341: checking for fgrep
configure:5403: result: /usr/bin/grep -F
configure:5438: checking for ld used by gcc
configure:5505: result: /usr/bin/ld
configure:5512: checking if the linker (/usr/bin/ld) is GNU ld
configure:5527: result: yes
configure:5539: checking for BSD- or MS-compatible name lister (nm)
configure:5593: result: /usr/bin/nm -B
configure:5723: checking the name lister (/usr/bin/nm -B) interface
configure:5730: gcc -c -g -O2  conftest.c >&5
configure:5733: /usr/bin/nm -B "conftest.o"
configure:5736: output
0000000000000000 B some_variable
configure:5737: result: BSD nm
configure:5741: checking the maximum length of command line arguments
configure:5872: result: 1572864
configure:5920: checking how to convert x86_64-pc-linux-gnu file names to x86_64-pc-linux-gnu format
configure:5960: result: func_convert_file_noop
configure:5967: checking how to convert x86_64-pc-linux-gnu file names to toolchain format
configure:5987: result: func_convert_file_noop
configure:5994: checking for /usr/bin/ld option to reload object files
configure:6001: result: -r
configure:6075: checking for objdump
configure:6091: found /usr/bin/objdump
configure:6102: result: objdump
configure:6134: checking how to recognize dependent libraries
configure:6334: result: pass_all
configure:6419: checking for dlltool
configure:6449: result: no
configure:6479: checking how to associate runtime and link libraries
configure:6506: result: printf %s\n
configure:6630: checking for archiver @FILE support
configure:6647: gcc -c -g -O2  conftest.c >&5
configure:6647: $? = 0
configure:6650: ar cr libconftest.a @conftest.lst >&5
configure:6653: $? = 0
configure:6658: ar cr libconftest.a @conftest.lst >&5
ar: conftest.o: No such file or directory
configure:6661: $? = 1
configure:6660: result: @
configure:6718: checking for strip
configure:6734: found /usr/bin/strip
configure:6745: result: strip
configure:6817: checking for ranlib
configure:6833: found /usr/bin/ranlib
configure:6844: result: ranlib
configure:6946: checking command to parse /usr/bin/nm -B output from gcc object
configure:7099: gcc -c -g -O2  conftest.c >&5
configure:7102: $? = 0
configure:7106: /usr/bin/nm -B conftest.o | sed -n -e 's/^.*[	 ]\([ABCDGIRSTW][ABCDGIRSTW]*\)[	 ][	 ]*\([_A-Za-z][_A-Za-z0-9]*\)$/\1 \2 \2/p' | sed '/ __gnu_lto/d' > conftest.nm
configure:7172: gcc -o conftest -g -O2   conftest.c conftstm.o >&5
configure:7175: $? = 0
configure:7213: result: ok
configure:7260: checking for sysroot
configure:7290: result: no
configure:7297: checking for a working dd
configure:7335: result: /usr/bin/dd
configure:7339: checking how to truncate binary pipes
configure:7354: result: /usr/bin/dd bs=4096 count=1
configure:7490: gcc -c -g -O2  conftest.c >&5
configure:7493: $? = 0
configure:7683: checking for mt
configure:7699: found /usr/bin/mt
configure:7710: result: mt
configure:7733: checking if mt is a manifest tool
configure:7739: mt '-?'
configure:7747: result: no
configure:8421: checking for dlfcn.h
configure:8421: gcc -c -g -O2  conftest.c >&5
configure:8421: $? = 0
configure:8421: result: yes
configure:8675: checking for objdir
configure:8690: result: .libs
configure:8954: checking if gcc supports -fno-rtti -fno-exceptions
configure:8972: gcc -c -g -O2  -fno-rtti -fno-exceptions conftest.c >&5
cc1: warning: command line option '-fno-rtti' is valid for C++/D/ObjC++ but not for C
configure:8976: $? = 0
configure:8989: result: no
configure:9353: checking for gcc option to produce PIC
configure:9360: result: -fPIC -DPIC
configure:9368: checking if gcc PIC flag -fPIC -DPIC works
configure:9386: gcc -c -g -O2  -fPIC -DPIC -DPIC conftest.c >&5
configure:9390: $? = 0
configure:9403: result: yes
configure:9432: checking if gcc static flag -static works
configure:9460: result: yes
configure:9475: checking if gcc supports -c -o file.o
configure:9496: gcc -c -g -O2  -o out/conftest2.o conftest.c >&5
configure:9500: $? = 0
configure:9522: result: yes
configure:9530: checking if gcc supports -c -o file.o
configure:9577: result: yes
configure:9610: checking whether the gcc linker (/usr/bin/ld -m elf_x86_64) supports shared libraries
configure:10873: result: yes
configure:10910: checking whether -lc should be explicitly linked in
configure:10918: gcc -c -g -O2  conftest.c >&5
configure:10921: $? = 0
configure:10936: gcc -shared  -fPIC -DPIC conftest.o  -v -Wl,-soname -Wl,conftest -o conftest 2\>\&1 \| /usr/bin/grep  -lc  \>/dev/null 2\>\&1
configure:10939: $? = 0
configure:10953: result: no
configure:11113: checking dynamic linker characteristics
configure:11694: gcc -o conftest -g -O2   -Wl,-rpath -Wl,/foo conftest.c  >&5
configure:11694: $? = 0
configure:11943: result: GNU/Linux ld.so
configure:12065: checking how to hardcode library paths into programs
configure:12090: result: immediate
configure:12638: checking whether stripping libraries is possible
configure:12643: result: yes
configure:12678: checking if libtool supports shared libraries
configure:12680: result: yes
configure:12683: checking whether to build shared libraries
configure:12708: result: yes
configure:12711: checking whether to build static libraries
configure:12715: result: yes
configure:9635: checking whether C compiler accepts -Wlogical-op
configure:9654: gcc -c -g -O2 -Werror -Wlogical-op  conftest.c >&5
configure:9654: $? = 0
configure:9662: result: yes
configure:9670: checking whether C compiler accepts -fdiagnostics-color
configure:9689: gcc -c -g -O2 -Werror -fdiagnostics-color  conftest.c >&5
configure:9689: $? = 0
configure:9697: result: yes
configure:9705: checking whether C compiler accepts -Wunused-result
configure:9724: gcc -c -g -O2 -fdiagnostics-color  -Wunused-result  conftest.c >&5
configure:9724: $? = 0
configure:9732: result: yes
configure:9744: checking whether the linker accepts -Wl,--version-script=./libcoap-3.map
configure:9763: gcc -o conftest -g -O2 -fdiagnostics-color    -Wl,--version-script=./libcoap-3.map conftest.c  >&5
configure:9763: $? = 0
configure:9773: result: yes
configure:9827: checking for doxygen
configure:9845: found /usr/bin/doxygen
configure:9857: result: /usr/bin/doxygen
configure:9875: checking for compatible doxygen version (>= 1.7.0)
configure:9890: result: yes 1.8.17
configure:9906: checking for dot
configure:9939: result: no
configure:9945: WARNING: ==> dot not found - continuing without DOT support
configure:9947: WARNING: ==> The libcoap html documentation will be build without DOT graphics!
configure:10047: checking for a2x
configure:10080: result: no
configure:10086: WARNING: ==> You want to build the manpages, but a2x was not found!
configure:10088: error: ==> Install the package that contains a2x (mostly asciidoc) or disable the build of the manpages using '--disable-manpages'.

## ---------------- ##
## Cache variables. ##
## ---------------- ##

ac_cv_build=x86_64-pc-linux-gnu
ac_cv_c_bigendian=no
ac_cv_c_compiler_gnu=yes
ac_cv_env_A2X_set=
ac_cv_env_A2X_value=
ac_cv_env_CC_set=
ac_cv_env_CC_value=
ac_cv_env_CFLAGS_set=
ac_cv_env_CFLAGS_value=
ac_cv_env_CPPFLAGS_set=
ac_cv_env_CPPFLAGS_value=
ac_cv_env_CPP_set=
ac_cv_env_CPP_value=
ac_cv_env_CTAGS_PROG_set=
ac_cv_env_CTAGS_PROG_value=
ac_cv_env_CUNIT_CFLAGS_set=
ac_cv_env_CUNIT_CFLAGS_value=
ac_cv_env_CUNIT_LIBS_set=
ac_cv_env_CUNIT_LIBS_value=
ac_cv_env_GnuTLS_CFLAGS_set=
ac_cv_env_GnuTLS_CFLAGS_value=
ac_cv_env_GnuTLS_LIBS_set=
ac_cv_env_GnuTLS_LIBS_value=
ac_cv_env_LDFLAGS_set=
ac_cv_env_LDFLAGS_value=
ac_cv_env_LIBS_set=
ac_cv_env_LIBS_value=
ac_cv_env_LT_SYS_LIBRARY_PATH_set=
ac_cv_env_LT_SYS_LIBRARY_PATH_value=
ac_cv_env_OpenSSL_CFLAGS_set=
ac_cv_env_OpenSSL_CFLAGS_value=
ac_cv_env_OpenSSL_LIBS_set=
ac_cv_env_OpenSSL_LIBS_value=
ac_cv_env_PKG_CONFIG_LIBDIR_set=
ac_cv_env_PKG_CONFIG_LIBDIR_value=
ac_cv_env_PKG_CONFIG_PATH_set=
ac_cv_env_PKG_CONFIG_PATH_value=
ac_cv_env_PKG_CONFIG_set=
ac_cv_env_PKG_CONFIG_value=
ac_cv_env_build_alias_set=
ac_cv_env_build_alias_value=
ac_cv_env_host_alias_set=
ac_cv_env_host_alias_value=
ac_cv_env_target_alias_set=
ac_cv_env_target_alias_value=
ac_cv_header_dlfcn_h=yes
ac_cv_header_inttypes_h=yes
ac_cv_header_memory_h=yes
ac_cv_header_stdc=yes
ac_cv_header_stdint_h=yes
ac_cv_header_stdlib_h=yes
ac_cv_header_string_h=yes
ac_cv_header_strings_h=yes
ac_cv_header_sys_stat_h=yes
ac_cv_header_sys_types_h=yes
ac_cv_header_unistd_h=yes
ac_cv_host=x86_64-pc-linux-gnu
ac_cv_objext=o
ac_cv_path_DOXYGEN=/usr/bin/doxygen
ac_cv_path_EGREP='/usr/bin/grep -E'
ac_cv_path_FGREP='/usr/bin/grep -F'
ac_cv_path_GREP=/usr/bin/grep
ac_cv_path_SED=/usr/bin/sed
ac_cv_path_ac_pt_PKG_CONFIG=/usr/bin/pkg-config
ac_cv_path_install='/usr/bin/install -c'
ac_cv_path_lt_DD=/usr/bin/dd
ac_cv_path_mkdir=/usr/bin/mkdir
ac_cv_prog_AWK=mawk
ac_cv_prog_CPP='gcc -E'
ac_cv_prog_ac_ct_AR=ar
ac_cv_prog_ac_ct_CC=gcc
ac_cv_prog_ac_ct_MANIFEST_TOOL=mt
ac_cv_prog_ac_ct_OBJDUMP=objdump
ac_cv_prog_ac_ct_RANLIB=ranlib
ac_cv_prog_ac_ct_STRIP=strip
ac_cv_prog_cc_c89=
ac_cv_prog_cc_g=yes
ac_cv_prog_make_make_set=yes
am_cv_CC_dependencies_compiler_type=gcc3
am_cv_ar_interface=ar
am_cv_make_support_nested_variables=yes
am_cv_prog_cc_c_o=yes
ax_cv_check_cflags__Werror__Wlogical_op=yes
ax_cv_check_cflags__Werror__fdiagnostics_color=yes
ax_cv_check_cflags___Wunused_result=yes
ax_cv_check_ldflags___Wl___version_script___libcoap_3_map=yes
lt_cv_ar_at_file=@
lt_cv_archive_cmds_need_lc=no
lt_cv_deplibs_check_method=pass_all
lt_cv_file_magic_cmd='$MAGIC_CMD'
lt_cv_file_magic_test_file=
lt_cv_ld_reload_flag=-r
lt_cv_nm_interface='BSD nm'
lt_cv_objdir=.libs
lt_cv_path_LD=/usr/bin/ld
lt_cv_path_NM='/usr/bin/nm -B'
lt_cv_path_mainfest_tool=no
lt_cv_prog_compiler_c_o=yes
lt_cv_prog_compiler_pic='-fPIC -DPIC'
lt_cv_prog_compiler_pic_works=yes
lt_cv_prog_compiler_rtti_exceptions=no
lt_cv_prog_compiler_static_works=yes
lt_cv_prog_gnu_ld=yes
lt_cv_sharedlib_from_linklib_cmd='printf %s\n'
lt_cv_shlibpath_overrides_runpath=yes
lt_cv_sys_global_symbol_pipe='sed -n -e '\''s/^.*[	 ]\([ABCDGIRSTW][ABCDGIRSTW]*\)[	 ][	 ]*\([_A-Za-z][_A-Za-z0-9]*\)$/\1 \2 \2/p'\'' | sed '\''/ __gnu_lto/d'\'''
lt_cv_sys_global_symbol_to_c_name_address='sed -n -e '\''s/^: \(.*\) .*$/  {"\1", (void *) 0},/p'\'' -e '\''s/^[ABCDGIRSTW][ABCDGIRSTW]* .* \(.*\)$/  {"\1", (void *) \&\1},/p'\'''
lt_cv_sys_global_symbol_to_c_name_address_lib_prefix='sed -n -e '\''s/^: \(.*\) .*$/  {"\1", (void *) 0},/p'\'' -e '\''s/^[ABCDGIRSTW][ABCDGIRSTW]* .* \(lib.*\)$/  {"\1", (void *) \&\1},/p'\'' -e '\''s/^[ABCDGIRSTW][ABCDGIRSTW]* .* \(.*\)$/  {"lib\1", (void *) \&\1},/p'\'''
lt_cv_sys_global_symbol_to_cdecl='sed -n -e '\''s/^T .* \(.*\)$/extern int \1();/p'\'' -e '\''s/^[ABCDGIRSTW][ABCDGIRSTW]* .* \(.*\)$/extern char \1;/p'\'''
lt_cv_sys_global_symbol_to_import=
lt_cv_sys_max_cmd_len=1572864
lt_cv_to_host_file_cmd=func_convert_file_noop
lt_cv_to_tool_file_cmd=func_convert_file_noop
lt_cv_truncate_bin='/usr/bin/dd bs=4096 count=1'

## ----------------- ##
## Output variables. ##
## ----------------- ##

A2X=''
ACLOCAL='${SHELL} "/home/zyscal/Documents/CoAP over TCP/libcoap/missing" aclocal-1.16'
AMDEPBACKSLASH='\'
AMDEP_FALSE='#'
AMDEP_TRUE=''
AMTAR='$${TAR-tar}'
AM_BACKSLASH='\'
AM_DEFAULT_V='$(AM_DEFAULT_VERBOSITY)'
AM_DEFAULT_VERBOSITY='0'
AM_V='$(V)'
AR='ar'
AUTOCONF='${SHELL} "/home/zyscal/Documents/CoAP over TCP/libcoap/missing" autoconf'
AUTOHEADER='${SHELL} "/home/zyscal/Documents/CoAP over TCP/libcoap/missing" autoheader'
AUTOMAKE='${SHELL} "/home/zyscal/Documents/CoAP over TCP/libcoap/missing" automake-1.16'
AWK='mawk'
BUILD_DOCUMENTATION_FALSE='#'
BUILD_DOCUMENTATION_TRUE=''
BUILD_DOXYGEN_FALSE='#'
BUILD_DOXYGEN_TRUE=''
BUILD_EXAMPLES_FALSE=''
BUILD_EXAMPLES_TRUE=''
BUILD_MANPAGES_FALSE=''
BUILD_MANPAGES_TRUE=''
CC='gcc'
CCDEPMODE='depmode=gcc3'
CFLAGS='-g -O2 -fdiagnostics-color'
COAP_DISABLE_TCP=''
CPP='gcc -E'
CPPFLAGS=''
CTAGS_PROG=''
CUNIT_CFLAGS=''
CUNIT_LIBS=''
CYGPATH_W='echo'
DEFS=''
DEPDIR='.deps'
DLLTOOL='false'
DOC_DIR='doc'
DOLLAR_SIGN=''
DOT=''
DOXYGEN='/usr/bin/doxygen'
DSYMUTIL=''
DTLS_CFLAGS=''
DTLS_LIBS=''
DUMPBIN=''
ECHO_C=''
ECHO_N='-n'
ECHO_T=''
EGREP='/usr/bin/grep -E'
EXEEXT=''
FGREP='/usr/bin/grep -F'
GREP='/usr/bin/grep'
GnuTLS_CFLAGS=''
GnuTLS_LIBS=''
HAVE_CUNIT_FALSE=''
HAVE_CUNIT_TRUE=''
HAVE_DOT='NO'
HAVE_DOXYGEN_FALSE='#'
HAVE_DOXYGEN_TRUE=''
INSTALL_DATA='${INSTALL} -m 644'
INSTALL_PROGRAM='${INSTALL}'
INSTALL_SCRIPT='${INSTALL}'
INSTALL_STRIP_PROGRAM='$(install_sh) -c -s'
LD='/usr/bin/ld -m elf_x86_64'
LDFLAGS=''
LIBCOAP_API_VERSION='3'
LIBCOAP_DTLS_LIB_EXTENSION_NAME=''
LIBCOAP_NAME_SUFFIX=''
LIBCOAP_SO_VERSION='3.0.0'
LIBCOAP_VERSION='4003000'
LIBOBJS=''
LIBS=''
LIBTOOL='$(SHELL) $(top_builddir)/libtool'
LIPO=''
LN_S='ln -s'
LTLIBOBJS=''
LT_LIBCOAP_AGE='0'
LT_LIBCOAP_CURRENT='3'
LT_LIBCOAP_REVISION='0'
LT_SYS_LIBRARY_PATH=''
MAKEINFO='${SHELL} "/home/zyscal/Documents/CoAP over TCP/libcoap/missing" makeinfo'
MANIFEST_TOOL=':'
MKDIR_P='/usr/bin/mkdir -p'
NM='/usr/bin/nm -B'
NMEDIT=''
OBJDUMP='objdump'
OBJEXT='o'
OTOOL64=''
OTOOL=''
OpenSSL_CFLAGS=''
OpenSSL_LIBS=''
PACKAGE='libcoap'
PACKAGE_BUGREPORT='libcoap-developers@lists.sourceforge.net'
PACKAGE_NAME='libcoap'
PACKAGE_STRING='libcoap 4.3.0rc2'
PACKAGE_TARNAME='libcoap'
PACKAGE_URL='https://libcoap.net/'
PACKAGE_VERSION='4.3.0rc2'
PATH_SEPARATOR=':'
PKG_CONFIG='/usr/bin/pkg-config'
PKG_CONFIG_LIBDIR=''
PKG_CONFIG_PATH=''
PREDEFINED_CFLAGS=''
RANLIB='ranlib'
SED='/usr/bin/sed'
SET_MAKE=''
SHELL='/bin/bash'
STRIP='strip'
USE_CALL_GRAPH='NO'
VERSION='4.3.0rc2'
WARNING_CFLAGS='-pedantic -Wall -Wcast-qual -Wextra -Wformat-security -Winline -Wmissing-declarations -Wmissing-prototypes -Wnested-externs -Wpointer-arith -Wshadow -Wstrict-prototypes -Wswitch-default -Wswitch-enum -Wunused -Wwrite-strings  -Wlogical-op -Wunused-result'
ac_ct_AR='ar'
ac_ct_CC='gcc'
ac_ct_DUMPBIN=''
am__EXEEXT_FALSE=''
am__EXEEXT_TRUE=''
am__fastdepCC_FALSE='#'
am__fastdepCC_TRUE=''
am__include='include'
am__isrc=''
am__leading_dot='.'
am__nodep='_no'
am__quote=''
am__tar='$${TAR-tar} chof - "$$tardir"'
am__untar='$${TAR-tar} xf -'
bindir='${exec_prefix}/bin'
build='x86_64-pc-linux-gnu'
build_alias=''
build_cpu='x86_64'
build_os='linux-gnu'
build_vendor='pc'
datadir='${datarootdir}'
datarootdir='${prefix}/share'
docdir='${datarootdir}/doc/${PACKAGE_TARNAME}'
dvidir='${docdir}'
exec_prefix='NONE'
host='x86_64-pc-linux-gnu'
host_alias=''
host_cpu='x86_64'
host_os='linux-gnu'
host_vendor='pc'
htmldir='${docdir}'
includedir='${prefix}/include'
infodir='${datarootdir}/info'
install_sh='${SHELL} '\''/home/zyscal/Documents/CoAP over TCP/libcoap/install-sh'\'''
libcoap_SYMBOLS='-Wl,--version-script=$(srcdir)/libcoap-$(LIBCOAP_API_VERSION).map'
libdir='${exec_prefix}/lib'
libexecdir='${exec_prefix}/libexec'
localedir='${datarootdir}/locale'
localstatedir='${prefix}/var'
mandir='${datarootdir}/man'
mkdir_p='$(MKDIR_P)'
oldincludedir='/usr/include'
pdfdir='${docdir}'
prefix='NONE'
program_transform_name='s,x,x,'
psdir='${docdir}'
runstatedir='${localstatedir}/run'
sbindir='${exec_prefix}/sbin'
sharedstatedir='${prefix}/com'
subdirs=''
sysconfdir='${prefix}/etc'
target_alias=''

## ----------- ##
## confdefs.h. ##
## ----------- ##

/* confdefs.h */
#define PACKAGE_NAME "libcoap"
#define PACKAGE_TARNAME "libcoap"
#define PACKAGE_VERSION "4.3.0rc2"
#define PACKAGE_STRING "libcoap 4.3.0rc2"
#define PACKAGE_BUGREPORT "libcoap-developers@lists.sourceforge.net"
#define PACKAGE_URL "https://libcoap.net/"
#define STDC_HEADERS 1
#define HAVE_SYS_TYPES_H 1
#define HAVE_SYS_STAT_H 1
#define HAVE_STDLIB_H 1
#define HAVE_STRING_H 1
#define HAVE_MEMORY_H 1
#define HAVE_STRINGS_H 1
#define HAVE_INTTYPES_H 1
#define HAVE_STDINT_H 1
#define HAVE_UNISTD_H 1
#define HAVE_DLFCN_H 1
#define LT_OBJDIR ".libs/"

configure: exit 1
