Determining if the include file winsock2.h exists failed with the following output:
Change Dir: /home/zyscal/Documents/CoAP over TCP/libcoap/CMakeFiles/CMakeTmp

Run Build Command(s):/usr/bin/make cmTC_6ffb6/fast && /usr/bin/make -f CMakeFiles/cmTC_6ffb6.dir/build.make CMakeFiles/cmTC_6ffb6.dir/build
make[1]: Entering directory '/home/zyscal/Documents/CoAP over TCP/libcoap/CMakeFiles/CMakeTmp'
Building C object CMakeFiles/cmTC_6ffb6.dir/CheckIncludeFile.c.o
/usr/bin/cc   -std=gnu11 -o CMakeFiles/cmTC_6ffb6.dir/CheckIncludeFile.c.o   -c "/home/zyscal/Documents/CoAP over TCP/libcoap/CMakeFiles/CMakeTmp/CheckIncludeFile.c"
/home/zyscal/Documents/CoAP over TCP/libcoap/CMakeFiles/CMakeTmp/CheckIncludeFile.c:1:10: fatal error: winsock2.h: No such file or directory
    1 | #include <winsock2.h>
      |          ^~~~~~~~~~~~
compilation terminated.
make[1]: *** [CMakeFiles/cmTC_6ffb6.dir/build.make:66: CMakeFiles/cmTC_6ffb6.dir/CheckIncludeFile.c.o] Error 1
make[1]: Leaving directory '/home/zyscal/Documents/CoAP over TCP/libcoap/CMakeFiles/CMakeTmp'
make: *** [Makefile:121: cmTC_6ffb6/fast] Error 2



Determining if the include file ws2tcpip.h exists failed with the following output:
Change Dir: /home/zyscal/Documents/CoAP over TCP/libcoap/CMakeFiles/CMakeTmp

Run Build Command(s):/usr/bin/make cmTC_e881b/fast && /usr/bin/make -f CMakeFiles/cmTC_e881b.dir/build.make CMakeFiles/cmTC_e881b.dir/build
make[1]: Entering directory '/home/zyscal/Documents/CoAP over TCP/libcoap/CMakeFiles/CMakeTmp'
Building C object CMakeFiles/cmTC_e881b.dir/CheckIncludeFile.c.o
/usr/bin/cc   -std=gnu11 -o CMakeFiles/cmTC_e881b.dir/CheckIncludeFile.c.o   -c "/home/zyscal/Documents/CoAP over TCP/libcoap/CMakeFiles/CMakeTmp/CheckIncludeFile.c"
/home/zyscal/Documents/CoAP over TCP/libcoap/CMakeFiles/CMakeTmp/CheckIncludeFile.c:1:10: fatal error: ws2tcpip.h: No such file or directory
    1 | #include <ws2tcpip.h>
      |          ^~~~~~~~~~~~
compilation terminated.
make[1]: *** [CMakeFiles/cmTC_e881b.dir/build.make:66: CMakeFiles/cmTC_e881b.dir/CheckIncludeFile.c.o] Error 1
make[1]: Leaving directory '/home/zyscal/Documents/CoAP over TCP/libcoap/CMakeFiles/CMakeTmp'
make: *** [Makefile:121: cmTC_e881b/fast] Error 2



Determining if the cmsghdr exist failed with the following output:
Change Dir: /home/zyscal/Documents/CoAP over TCP/libcoap/CMakeFiles/CMakeTmp

Run Build Command(s):/usr/bin/make cmTC_6d607/fast && /usr/bin/make -f CMakeFiles/cmTC_6d607.dir/build.make CMakeFiles/cmTC_6d607.dir/build
make[1]: Entering directory '/home/zyscal/Documents/CoAP over TCP/libcoap/CMakeFiles/CMakeTmp'
Building C object CMakeFiles/cmTC_6d607.dir/CheckSymbolExists.c.o
/usr/bin/cc   -std=gnu11 -o CMakeFiles/cmTC_6d607.dir/CheckSymbolExists.c.o   -c "/home/zyscal/Documents/CoAP over TCP/libcoap/CMakeFiles/CMakeTmp/CheckSymbolExists.c"
/home/zyscal/Documents/CoAP over TCP/libcoap/CMakeFiles/CMakeTmp/CheckSymbolExists.c: In function ‘main’:
/home/zyscal/Documents/CoAP over TCP/libcoap/CMakeFiles/CMakeTmp/CheckSymbolExists.c:8:19: error: ‘cmsghdr’ undeclared (first use in this function)
    8 |   return ((int*)(&cmsghdr))[argc];
      |                   ^~~~~~~
/home/zyscal/Documents/CoAP over TCP/libcoap/CMakeFiles/CMakeTmp/CheckSymbolExists.c:8:19: note: each undeclared identifier is reported only once for each function it appears in
make[1]: *** [CMakeFiles/cmTC_6d607.dir/build.make:66: CMakeFiles/cmTC_6d607.dir/CheckSymbolExists.c.o] Error 1
make[1]: Leaving directory '/home/zyscal/Documents/CoAP over TCP/libcoap/CMakeFiles/CMakeTmp'
make: *** [Makefile:121: cmTC_6d607/fast] Error 2


File /home/zyscal/Documents/CoAP over TCP/libcoap/CMakeFiles/CMakeTmp/CheckSymbolExists.c:
/* */
#include <sys/socket.h>

int main(int argc, char** argv)
{
  (void)argv;
#ifndef cmsghdr
  return ((int*)(&cmsghdr))[argc];
#else
  (void)argc;
  return 0;
#endif
}
